[   15807ms] [ERROR] Refused to get unsafe header "X-Sg-Cs" @ https://www.google.com/search?q=max+%D0%B1%D0%BE%D1%82%D1%8B&oq=max+%D0%B1%D0%BE%D1%82&gs_lcrp=EgZjaHJvbWUqBwgAEAAYgAQyBwgAEAAYgAQyBwgBEAAYgAQyBwgCEAAYgAQyCAgDEAAYFhgeMggIBBAAGBYYHjIICAUQABgWGB4yCAgGEAAYFhgeMggIBxAAGBYYHjIICAgQABgWGB4yCAgJEAAYFhge0gEJMTIyMTZqMGo3qAIAsAIA&sourceid=chrome&ie=UTF-8:53
[   15807ms] [ERROR] Refused to get unsafe header "X-Sorry-Redirect" @ https://www.google.com/search?q=max+%D0%B1%D0%BE%D1%82%D1%8B&oq=max+%D0%B1%D0%BE%D1%82&gs_lcrp=EgZjaHJvbWUqBwgAEAAYgAQyBwgAEAAYgAQyBwgBEAAYgAQyBwgCEAAYgAQyCAgDEAAYFhgeMggIBBAAGBYYHjIICAUQABgWGB4yCAgGEAAYFhgeMggIBxAAGBYYHjIICAgQABgWGB4yCAgJEAAYFhge0gEJMTIyMTZqMGo3qAIAsAIA&sourceid=chrome&ie=UTF-8:53
[   19707ms] [ERROR] Refused to get unsafe header "X-Sg-Cs" @ https://www.google.com/search?q=max+%D0%B1%D0%BE%D1%82%D1%8B&oq=max+%D0%B1%D0%BE%D1%82&gs_lcrp=EgZjaHJvbWUqBwgAEAAYgAQyBwgAEAAYgAQyBwgBEAAYgAQyBwgCEAAYgAQyCAgDEAAYFhgeMggIBBAAGBYYHjIICAUQABgWGB4yCAgGEAAYFhgeMggIBxAAGBYYHjIICAgQABgWGB4yCAgJEAAYFhge0gEJMTIyMTZqMGo3qAIAsAIA&sourceid=chrome&ie=UTF-8:53
[   19707ms] [ERROR] Refused to get unsafe header "X-Sorry-Redirect" @ https://www.google.com/search?q=max+%D0%B1%D0%BE%D1%82%D1%8B&oq=max+%D0%B1%D0%BE%D1%82&gs_lcrp=EgZjaHJvbWUqBwgAEAAYgAQyBwgAEAAYgAQyBwgBEAAYgAQyBwgCEAAYgAQyCAgDEAAYFhgeMggIBBAAGBYYHjIICAUQABgWGB4yCAgGEAAYFhgeMggIBxAAGBYYHjIICAgQABgWGB4yCAgJEAAYFhge0gEJMTIyMTZqMGo3qAIAsAIA&sourceid=chrome&ie=UTF-8:53
[   52002ms] [ERROR] Failed to load resource: net::ERR_TIMED_OUT @ https://play.google.com/log?hasfast=true&auth=SAPISIDHASH+582910f57325dbceb3012e590eef6497f1634ce9+SAPISID1PHASH+582910f57325dbceb3012e590eef6497f1634ce9+SAPISID3PHASH+582910f57325dbceb3012e590eef6497f1634ce9&authuser=0&format=json:0
[   56059ms] [ERROR] Failed to load resource: net::ERR_TIMED_OUT @ https://play.google.com/log?format=json&hasfast=true&authuser=0:0
[   57173ms] [ERROR] Failed to load resource: net::ERR_CONNECTION_RESET @ https://www.googleadservices.com/pagead/conversion/16521530460/?gad_source=1&adview_type=1&adview_query_id=CNWEyfCwlpUDFZZokQUdEO8rdA:0
[   62036ms] [ERROR] Failed to load resource: net::ERR_TIMED_OUT @ https://play.google.com/log?format=json&hasfast=true&authuser=0:0
[   62961ms] [ERROR] Failed to load resource: net::ERR_CONNECTION_RESET @ https://www.youtube.com/iframe_api?version=3:0
[   67478ms] [INFO] Slow network is detected. See https://www.chromestatus.com/feature/5636954674692096 for more details. Fallback font will be used while loading: https://fonts.gstatic.com/s/roboto/v48/KFO7CnqEu92Fr1ME7kSn66aGLdTylUAMa3yUBA.woff2 @ https://ogs.google.com/u/0/widget/app?eom=1&awwd=1&gpa=3&em=2&dpi=89978449&origin=https%3A%2F%2Fwww.google.com&cn=app&pid=1&spid=1&hl=en:0
[   67478ms] [INFO] Slow network is detected. See https://www.chromestatus.com/feature/5636954674692096 for more details. Fallback font will be used while loading: https://fonts.gstatic.com/s/googlesans/v62/4UaRrENHsxJlGDuGo1OIlJfC6l_24rlCK1Yo_Iq2vgCI.woff2 @ https://ogs.google.com/u/0/widget/app?eom=1&awwd=1&gpa=3&em=2&dpi=89978449&origin=https%3A%2F%2Fwww.google.com&cn=app&pid=1&spid=1&hl=en:0
[   68015ms] [ERROR] Failed to load resource: net::ERR_TIMED_OUT @ https://play.google.com/log?format=json&hasfast=true&authuser=0:0
[   71881ms] [ERROR] Failed to load resource: net::ERR_TIMED_OUT @ https://play.google.com/log?hasfast=true&auth=SAPISIDHASH+582910f57325dbceb3012e590eef6497f1634ce9+SAPISID1PHASH+582910f57325dbceb3012e590eef6497f1634ce9+SAPISID3PHASH+582910f57325dbceb3012e590eef6497f1634ce9&authuser=0&format=json:0
[   89159ms] [ERROR] Failed to load resource: net::ERR_TIMED_OUT @ https://play.google.com/log?format=json&hasfast=true&authuser=0:0
[  112638ms] [ERROR] Failed to load resource: net::ERR_CONNECTION_RESET @ https://www.youtube.com/iframe_api?version=3:0
[  126660ms] [ERROR] Failed to load resource: net::ERR_TIMED_OUT @ https://play.google.com/log?format=json&hasfast=true&authuser=0:0
[  129405ms] [ERROR] Failed to load resource: net::ERR_TIMED_OUT @ https://pagead2.googlesyndication.com/bg/PV73TIxxCQoWHmIzBW3bASFwYrAzeQPJ3wbIO0hzqT8.js:0
[  131605ms] [ERROR] Failed to load resource: net::ERR_TIMED_OUT @ https://play.google.com/log?hasfast=true&auth=SAPISIDHASH+0ee5fd8e17e894cd395d37be88421d50849bcf48+SAPISID1PHASH+0ee5fd8e17e894cd395d37be88421d50849bcf48+SAPISID3PHASH+0ee5fd8e17e894cd395d37be88421d50849bcf48&authuser=0&format=json:0
[  166306ms] [ERROR] Failed to load resource: net::ERR_TIMED_OUT @ https://play.google.com/log?format=json&hasfast=true&authuser=0:0
[  214485ms] [ERROR] Failed to load resource: net::ERR_TIMED_OUT @ https://play.google.com/log?format=json&hasfast=true&authuser=0:0
[  276866ms] [ERROR] Failed to load resource: net::ERR_TIMED_OUT @ https://play.google.com/log?format=json&hasfast=true&authuser=0:0
[  393211ms] [ERROR] Failed to load resource: net::ERR_TIMED_OUT @ https://play.google.com/log?format=json&hasfast=true&authuser=0:0
[  564280ms] [ERROR] Failed to load resource: net::ERR_TIMED_OUT @ https://play.google.com/log?format=json&hasfast=true&authuser=0:0
[  629125ms] [ERROR] Refused to get unsafe header "X-Sg-Cs" @ https://www.google.com/search?q=max+%D0%B1%D0%BE%D1%82%D1%8B&oq=max+%D0%B1%D0%BE%D1%82&gs_lcrp=EgZjaHJvbWUqBwgAEAAYgAQyBwgAEAAYgAQyBwgBEAAYgAQyBwgCEAAYgAQyCAgDEAAYFhgeMggIBBAAGBYYHjIICAUQABgWGB4yCAgGEAAYFhgeMggIBxAAGBYYHjIICAgQABgWGB4yCAgJEAAYFhge0gEJMTIyMTZqMGo3qAIAsAIA&sourceid=chrome&ie=UTF-8:53
[  629125ms] [ERROR] Refused to get unsafe header "X-Sorry-Redirect" @ https://www.google.com/search?q=max+%D0%B1%D0%BE%D1%82%D1%8B&oq=max+%D0%B1%D0%BE%D1%82&gs_lcrp=EgZjaHJvbWUqBwgAEAAYgAQyBwgAEAAYgAQyBwgBEAAYgAQyBwgCEAAYgAQyCAgDEAAYFhgeMggIBBAAGBYYHjIICAUQABgWGB4yCAgGEAAYFhgeMggIBxAAGBYYHjIICAgQABgWGB4yCAgJEAAYFhge0gEJMTIyMTZqMGo3qAIAsAIA&sourceid=chrome&ie=UTF-8:53
